<?xml version="1.0" encoding="UTF-8"?>
<!-- Generated by org.testng.reporters.JUnitXMLReporter -->
<testsuite ignored="0" hostname="DESKTOP-7KDE92H" failures="0" tests="36" name="ApiTestUser" time="17.229" errors="0" timestamp="2023-03-04T17:30:30 CET">
  <testcase classname="com.test.ApiTestUser" name="testCreateUsersArray" time="3.347"/>
  <testcase classname="com.test.ApiTestUser" name="testCreateUsersArray" time="0.731"/>
  <testcase classname="com.test.ApiTestUser" name="testCreateUsersArray" time="0.001"/>
  <testcase classname="com.test.ApiTestUser" name="testCreateUsersArray" time="0.001"/>
  <testcase classname="com.test.ApiTestUser" name="testGetUserByLogOut" time="0.648"/>
  <testcase classname="com.test.ApiTestUser" name="testGetUserByLogOut" time="0.668"/>
  <testcase classname="com.test.ApiTestUser" name="testCreateUser" time="0.669"/>
  <testcase classname="com.test.ApiTestUser" name="testCreateUser" time="0.653"/>
  <testcase classname="com.test.ApiTestUser" name="testCreateUser" time="0.001"/>
  <testcase classname="com.test.ApiTestUser" name="testCreateUser" time="0.001"/>
  <testcase classname="com.test.ApiTestUser" name="testGetUserByName" time="1.059"/>
  <testcase classname="com.test.ApiTestUser" name="testGetUserByName" time="0.782"/>
  <testcase classname="com.test.ApiTestUser" name="testGetUserByName" time="0.618"/>
  <testcase classname="com.test.ApiTestUser" name="testGetUserByName" time="0.653"/>
  <testcase classname="com.test.ApiTestUser" name="testGetUserByName" time="0.001"/>
  <testcase classname="com.test.ApiTestUser" name="testGetUserByName" time="0.001"/>
  <testcase classname="com.test.ApiTestUser" name="testGetUserByLogin" time="0.683"/>
  <testcase classname="com.test.ApiTestUser" name="testGetUserByLogin" time="0.661"/>
  <testcase classname="com.test.ApiTestUser" name="testGetUserByLogin" time="0.002"/>
  <testcase classname="com.test.ApiTestUser" name="testGetUserByLogin" time="0.004"/>
  <testcase classname="com.test.ApiTestUser" name="testDeleteUserByName" time="0.001"/>
  <testcase classname="com.test.ApiTestUser" name="testDeleteUserByName" time="0.0"/>
  <testcase classname="com.test.ApiTestUser" name="testDeleteUserByName" time="0.655"/>
  <testcase classname="com.test.ApiTestUser" name="testDeleteUserByName" time="0.658"/>
  <testcase classname="com.test.ApiTestUser" name="testDeleteUserByName" time="0.001"/>
  <testcase classname="com.test.ApiTestUser" name="testDeleteUserByName" time="0.001"/>
  <testcase classname="com.test.ApiTestUser" name="testUpdateUserByName" time="0.647"/>
  <testcase classname="com.test.ApiTestUser" name="testUpdateUserByName" time="0.66"/>
  <testcase classname="com.test.ApiTestUser" name="testUpdateUserByName" time="0.641"/>
  <testcase classname="com.test.ApiTestUser" name="testUpdateUserByName" time="0.646"/>
  <testcase classname="com.test.ApiTestUser" name="testUpdateUserByName" time="0.001"/>
  <testcase classname="com.test.ApiTestUser" name="testUpdateUserByName" time="0.002"/>
  <testcase classname="com.test.ApiTestUser" name="testCreateUsersList" time="0.632"/>
  <testcase classname="com.test.ApiTestUser" name="testCreateUsersList" time="0.653"/>
  <testcase classname="com.test.ApiTestUser" name="testCreateUsersList" time="0.002"/>
  <testcase classname="com.test.ApiTestUser" name="testCreateUsersList" time="0.001"/>
</testsuite> <!-- ApiTestUser -->
