<?xml version="1.0" encoding="UTF-8"?>
<!-- Generated by org.testng.reporters.JUnitXMLReporter -->
<testsuite ignored="0" hostname="DESKTOP-7KDE92H" failures="0" tests="40" name="ApiTestPet" time="24.959" errors="0" timestamp="2023-03-04T17:31:04 CET">
  <testcase classname="com.test.APITestPet" name="testCreatePetById" time="0.633"/>
  <testcase classname="com.test.APITestPet" name="testCreatePetById" time="0.628"/>
  <testcase classname="com.test.APITestPet" name="testCreatePetById" time="0.63"/>
  <testcase classname="com.test.APITestPet" name="testCreatePetById" time="0.662"/>
  <testcase classname="com.test.APITestPet" name="testCreatePetByUploadedImg" time="0.996"/>
  <testcase classname="com.test.APITestPet" name="testCreatePetByUploadedImg" time="0.643"/>
  <testcase classname="com.test.APITestPet" name="testGetPetById" time="0.639"/>
  <testcase classname="com.test.APITestPet" name="testGetPetById" time="0.636"/>
  <testcase classname="com.test.APITestPet" name="testGetPetById" time="0.632"/>
  <testcase classname="com.test.APITestPet" name="testGetPetById" time="0.665"/>
  <testcase classname="com.test.APITestPet" name="testGetPetById" time="0.002"/>
  <testcase classname="com.test.APITestPet" name="testGetPetById" time="0.001"/>
  <testcase classname="com.test.APITestPet" name="testGetPetByStatus" time="1.68"/>
  <testcase classname="com.test.APITestPet" name="testGetPetByStatus" time="1.289"/>
  <testcase classname="com.test.APITestPet" name="testGetPetByStatus" time="1.254"/>
  <testcase classname="com.test.APITestPet" name="testGetPetByStatus" time="1.243"/>
  <testcase classname="com.test.APITestPet" name="testGetPetByStatus" time="1.225"/>
  <testcase classname="com.test.APITestPet" name="testGetPetByStatus" time="1.243"/>
  <testcase classname="com.test.APITestPet" name="testUpdatePet" time="0.663"/>
  <testcase classname="com.test.APITestPet" name="testUpdatePet" time="0.646"/>
  <testcase classname="com.test.APITestPet" name="testUpdatePet" time="0.66"/>
  <testcase classname="com.test.APITestPet" name="testUpdatePet" time="0.641"/>
  <testcase classname="com.test.APITestPet" name="testUpdatePet" time="0.002"/>
  <testcase classname="com.test.APITestPet" name="testUpdatePet" time="0.003"/>
  <testcase classname="com.test.APITestPet" name="testUpdatePet" time="0.002"/>
  <testcase classname="com.test.APITestPet" name="testUpdatePet" time="0.003"/>
  <testcase classname="com.test.APITestPet" name="testCreatePet" time="0.667"/>
  <testcase classname="com.test.APITestPet" name="testCreatePet" time="0.643"/>
  <testcase classname="com.test.APITestPet" name="testCreatePet" time="0.652"/>
  <testcase classname="com.test.APITestPet" name="testCreatePet" time="0.622"/>
  <testcase classname="com.test.APITestPet" name="testCreatePet" time="0.632"/>
  <testcase classname="com.test.APITestPet" name="testCreatePet" time="0.637"/>
  <testcase classname="com.test.APITestPet" name="testCreatePet" time="0.611"/>
  <testcase classname="com.test.APITestPet" name="testCreatePet" time="0.599"/>
  <testcase classname="com.test.APITestPet" name="testDeletePetById" time="0.621"/>
  <testcase classname="com.test.APITestPet" name="testDeletePetById" time="0.634"/>
  <testcase classname="com.test.APITestPet" name="testDeletePetById" time="0.615"/>
  <testcase classname="com.test.APITestPet" name="testDeletePetById" time="0.604"/>
  <testcase classname="com.test.APITestPet" name="testDeletePetById" time="0.006"/>
  <testcase classname="com.test.APITestPet" name="testDeletePetById" time="0.002"/>
</testsuite> <!-- ApiTestPet -->
