<?xml version="1.0" encoding="UTF-8"?>
<!-- Generated by org.testng.reporters.JUnitXMLReporter -->
<testsuite ignored="0" hostname="DESKTOP-7KDE92H" failures="0" tests="17" name="ApiTestStore" time="8.362" errors="0" timestamp="2023-03-04T17:30:39 CET">
  <testcase classname="com.test.ApiTestStore" name="testCreatingPetStoreOrder" time="0.639"/>
  <testcase classname="com.test.ApiTestStore" name="testCreatingPetStoreOrder" time="0.629"/>
  <testcase classname="com.test.ApiTestStore" name="testCreatingPetStoreOrder" time="0.629"/>
  <testcase classname="com.test.ApiTestStore" name="testCreatingPetStoreOrder" time="0.653"/>
  <testcase classname="com.test.ApiTestStore" name="testGettingPetStoreOrderByID" time="0.649"/>
  <testcase classname="com.test.ApiTestStore" name="testGettingPetStoreOrderByID" time="0.649"/>
  <testcase classname="com.test.ApiTestStore" name="testGettingPetStoreOrderByID" time="0.623"/>
  <testcase classname="com.test.ApiTestStore" name="testGettingPetStoreOrderByID" time="0.63"/>
  <testcase classname="com.test.ApiTestStore" name="testGettingPetStoreOrderByID" time="0.002"/>
  <testcase classname="com.test.ApiTestStore" name="testGettingPetStoreOrderByID" time="0.001"/>
  <testcase classname="com.test.ApiTestStore" name="testDeletingPetStoreOrderByID" time="0.66"/>
  <testcase classname="com.test.ApiTestStore" name="testDeletingPetStoreOrderByID" time="0.651"/>
  <testcase classname="com.test.ApiTestStore" name="testDeletingPetStoreOrderByID" time="0.631"/>
  <testcase classname="com.test.ApiTestStore" name="testDeletingPetStoreOrderByID" time="0.646"/>
  <testcase classname="com.test.ApiTestStore" name="testDeletingPetStoreOrderByID" time="0.003"/>
  <testcase classname="com.test.ApiTestStore" name="testDeletingPetStoreOrderByID" time="0.003"/>
  <testcase classname="com.test.ApiTestStore" name="testGettingStoreInventory" time="0.641"/>
</testsuite> <!-- ApiTestStore -->
