<?xml version="1.0" encoding="UTF-8"?>
<testsuite xmlns:xsi="http://www.w3.org/2001/XMLSchema-instance" xsi:noNamespaceSchemaLocation="https://maven.apache.org/surefire/maven-surefire-plugin/xsd/surefire-test-report-3.0.xsd" version="3.0" name="TestSuite" time="51.709" tests="93" errors="0" skipped="0" failures="0">
  <properties>
[...]
</properties>
  <testcase name="testCreateUsersArray[json, json, positive](1)" classname="com.test.ApiTestUser" time="3.364">
    <system-out><![CDATA[testCreateUsersArray started: 
Code 200
Test Create UserArray response: {
    "code": 200,
    "type": "unknown",
    "message": "ok"
}
]]></system-out>
  </testcase>
  <testcase name="testCreateUsersArray[json, xml, positive](2)" classname="com.test.ApiTestUser" time="0.719">
    <system-out><![CDATA[testCreateUsersArray started: 
Code 200
Test Create UserArray response: <apiResponse>
  <message>ok</message>
  <type>unknown</type>
</apiResponse>
]]></system-out>
  </testcase>
  <testcase name="testCreateUsersArray[json, , negative_order](3)" classname="com.test.ApiTestUser" time="0.006">
    <system-out><![CDATA[testCreateUsersArray started: 
Error occurred. Invalid User data. Status_Code (400) 
]]></system-out>
  </testcase>
  <testcase name="testCreateUsersArray[xml, , negative_order](4)" classname="com.test.ApiTestUser" time="0.002">
    <system-out><![CDATA[testCreateUsersArray started: 
Error occurred. Invalid User data. Status_Code (400) 
]]></system-out>
  </testcase>
  <testcase name="testGetUserByLogOut[json, json, positive](1)" classname="com.test.ApiTestUser" time="0.653">
    <system-out><![CDATA[testGetUserByLogOut started: 
Code 200
User cannot log out, because is not logged. 
Code 400
]]></system-out>
  </testcase>
  <testcase name="testGetUserByLogOut[json, xml, positive](2)" classname="com.test.ApiTestUser" time="0.673">
    <system-out><![CDATA[testGetUserByLogOut started: 
Code 200
User cannot log out, because is not logged. 
Code 400
]]></system-out>
  </testcase>
  <testcase name="testCreateUser[json, json, positive](1)" classname="com.test.ApiTestUser" time="0.672">
    <system-out><![CDATA[testCreateUser started: 
Code 200
Test CreateUser response: {
    "code": 200,
    "type": "unknown",
    "message": "2"
}
]]></system-out>
  </testcase>
  <testcase name="testCreateUser[json, xml, positive](2)" classname="com.test.ApiTestUser" time="0.662">
    <system-out><![CDATA[testCreateUser started: 
Code 200
Test CreateUser response: <apiResponse>
  <message>2</message>
  <type>unknown</type>
</apiResponse>
]]></system-out>
  </testcase>
  <testcase name="testCreateUser[json, , negative_order](3)" classname="com.test.ApiTestUser" time="0.002">
    <system-out><![CDATA[testCreateUser started: 
Error occurred. Invalid User data. Status_Code (400) 
]]></system-out>
  </testcase>
  <testcase name="testCreateUser[xml, , negative_order](4)" classname="com.test.ApiTestUser" time="0.002">
    <system-out><![CDATA[testCreateUser started: 
Error occurred. Invalid User data. Status_Code (400) 
]]></system-out>
  </testcase>
  <testcase name="testGetUserByName[json, , positive](1)" classname="com.test.ApiTestUser" time="1.06">
    <system-out><![CDATA[testGetUserByName started: 
Code 200
Test GetUserByName response: {
    "id": 12,
    "username": "user123",
    "firstName": "userGG",
    "lastName": "lastGG",
    "email": "user@gmail.com",
    "password": "osiemjedynek",
    "phone": "123-432-543",
    "userStatus": 1
}
]]></system-out>
  </testcase>
  <testcase name="testGetUserByName[xml, , positive](2)" classname="com.test.ApiTestUser" time="0.784">
    <system-out><![CDATA[testGetUserByName started: 
Code 200
Test GetUserByName response: <User>
  <email>user@gmail.com</email>
  <firstName>userGG</firstName>
  <id>12</id>
  <lastName>lastGG</lastName>
  <password>osiemjedynek</password>
  <phone>123-432-543</phone>
  <userStatus>1</userStatus>
  <username>user123</username>
</User>
]]></system-out>
  </testcase>
  <testcase name="testGetUserByName[json, , negative](3)" classname="com.test.ApiTestUser" time="0.624">
    <system-out><![CDATA[testGetUserByName started: 
Code 404
Test GetUserByName response: {
    "code": 1,
    "type": "error",
    "message": "User not found"
}
]]></system-out>
  </testcase>
  <testcase name="testGetUserByName[xml, , negative](4)" classname="com.test.ApiTestUser" time="0.66">
    <system-out><![CDATA[testGetUserByName started: 
Code 404
Test GetUserByName response: <apiResponse>
  <message>User not found</message>
  <type>error</type>
</apiResponse>
]]></system-out>
  </testcase>
  <testcase name="testGetUserByName[json, , negative_order](5)" classname="com.test.ApiTestUser" time="0.005">
    <system-out><![CDATA[testGetUserByName started: 
Code type 400. Invalid output
]]></system-out>
  </testcase>
  <testcase name="testGetUserByName[xml, , negative_order](6)" classname="com.test.ApiTestUser" time="0.006">
    <system-out><![CDATA[testGetUserByName started: 
Code type 400. Invalid output
]]></system-out>
  </testcase>
  <testcase name="testGetUserByLogin[json, , positive](1)" classname="com.test.ApiTestUser" time="0.687">
    <system-out><![CDATA[testGetUserByLogin started: 
Code 200
Test Get UserByLogin response: {
    "code": 200,
    "type": "unknown",
    "message": "logged in user session:1677947425271"
}
]]></system-out>
  </testcase>
  <testcase name="testGetUserByLogin[xml, , positive](2)" classname="com.test.ApiTestUser" time="0.664">
    <system-out><![CDATA[testGetUserByLogin started: 
Code 200
Test Get UserByLogin response: <apiResponse>
  <message>logged in user session:1677947425930</message>
  <type>unknown</type>
</apiResponse>
]]></system-out>
  </testcase>
  <testcase name="testGetUserByLogin[json, , negative_order](3)" classname="com.test.ApiTestUser" time="0.006">
    <system-out><![CDATA[testGetUserByLogin started: 
Code type 400. Invalid User username or password
]]></system-out>
  </testcase>
  <testcase name="testGetUserByLogin[xml, , negative_order](4)" classname="com.test.ApiTestUser" time="0.006">
    <system-out><![CDATA[testGetUserByLogin started: 
Code type 400. Invalid User username or password
]]></system-out>
  </testcase>
  <testcase name="testDeleteUserByName[json, , positive](1)" classname="com.test.ApiTestUser" time="0.001">
    <system-out><![CDATA[testDeleteUserByName started: 
]]></system-out>
  </testcase>
  <testcase name="testDeleteUserByName[xml, , positive](2)" classname="com.test.ApiTestUser" time="0.003">
    <system-out><![CDATA[testDeleteUserByName started: 
]]></system-out>
  </testcase>
  <testcase name="testDeleteUserByName[json, , negative](3)" classname="com.test.ApiTestUser" time="0.654">
    <system-out><![CDATA[testDeleteUserByName started: 
Code 404
Test Delete UserByName response: 
]]></system-out>
  </testcase>
  <testcase name="testDeleteUserByName[xml, , negative](4)" classname="com.test.ApiTestUser" time="0.667">
    <system-out><![CDATA[testDeleteUserByName started: 
Code 404
Test Delete UserByName response: 
]]></system-out>
  </testcase>
  <testcase name="testDeleteUserByName[json, , negative_order](5)" classname="com.test.ApiTestUser" time="0.009">
    <system-out><![CDATA[testDeleteUserByName started: 
Error occurred
]]></system-out>
  </testcase>
  <testcase name="testDeleteUserByName[xml, , negative_order](6)" classname="com.test.ApiTestUser" time="0.003">
    <system-out><![CDATA[testDeleteUserByName started: 
Error occurred
]]></system-out>
  </testcase>
  <testcase name="testUpdateUserByName[json, json, positive](1)" classname="com.test.ApiTestUser" time="0.652">
    <system-out><![CDATA[testUpdatePetByName started: 
Code 200
Test Update UseByName response: {
    "code": 200,
    "type": "unknown",
    "message": "12"
}
]]></system-out>
  </testcase>
  <testcase name="testUpdateUserByName[json, xml, positive](2)" classname="com.test.ApiTestUser" time="0.652">
    <system-out><![CDATA[testUpdatePetByName started: 
Code 200
Test Update UseByName response: <apiResponse>
  <message>12</message>
  <type>unknown</type>
</apiResponse>
]]></system-out>
  </testcase>
  <testcase name="testUpdateUserByName[json, json, negative](3)" classname="com.test.ApiTestUser" time="0.651">
    <system-out><![CDATA[testUpdatePetByName started: 
testGetUserByLogOut started: 
Code 200
Test Get UserByLogOut response: {
    "code": 200,
    "type": "unknown",
    "message": "ok"
}
User is not logged. Cannot update user 
Code 404
]]></system-out>
  </testcase>
  <testcase name="testUpdateUserByName[json, xml, negative](4)" classname="com.test.ApiTestUser" time="0.647">
    <system-out><![CDATA[testUpdatePetByName started: 
testGetUserByLogOut started: 
Code 200
User is not logged. Cannot update user 
Code 404
]]></system-out>
  </testcase>
  <testcase name="testUpdateUserByName[json, json, negative_order](5)" classname="com.test.ApiTestUser" time="0.004">
    <system-out><![CDATA[testUpdatePetByName started: 
Error occurred. Invalid User username. Status_Code (400) 
]]></system-out>
  </testcase>
  <testcase name="testUpdateUserByName[json, xml, negative_order](6)" classname="com.test.ApiTestUser" time="0.005">
    <system-out><![CDATA[testUpdatePetByName started: 
Error occurred. Invalid User username. Status_Code (400) 
]]></system-out>
  </testcase>
  <testcase name="testCreateUsersList[json, json, positive](1)" classname="com.test.ApiTestUser" time="0.633">
    <system-out><![CDATA[testCreateUsersList started: 
Code 200
Test Create UserList response: {
    "code": 200,
    "type": "unknown",
    "message": "ok"
}
]]></system-out>
  </testcase>
  <testcase name="testCreateUsersList[json, xml, positive](2)" classname="com.test.ApiTestUser" time="0.653">
    <system-out><![CDATA[testCreateUsersList started: 
Code 200
Test Create UserList response: <apiResponse>
  <message>ok</message>
  <type>unknown</type>
</apiResponse>
]]></system-out>
  </testcase>
  <testcase name="testCreateUsersList[json, , negative_order](3)" classname="com.test.ApiTestUser" time="0.005">
    <system-out><![CDATA[testCreateUsersList started: 
Error occurred. Invalid User data. Status_Code (400) 
]]></system-out>
  </testcase>
  <testcase name="testCreateUsersList[xml, , negative_order](4)" classname="com.test.ApiTestUser" time="0.002">
    <system-out><![CDATA[testCreateUsersList started: 
Error occurred. Invalid User data. Status_Code (400) 
]]></system-out>
  </testcase>
  <testcase name="testCreatingPetStoreOrder[json, json, positive](1)" classname="com.test.ApiTestStore" time="0.644">
    <system-out><![CDATA[testCreatingPetStoreOrder started: 
Code 200
From io.restassured.internal.RestAssuredResponseImpl@24e5389cJson response: {
    "id": 3,
    "petId": 0,
    "quantity": 1,
    "shipDate": "2023-03-01T00:00:00.000+0000",
    "status": "placed",
    "complete": true
}
]]></system-out>
  </testcase>
  <testcase name="testCreatingPetStoreOrder[json, xml, positive](2)" classname="com.test.ApiTestStore" time="0.643">
    <system-out><![CDATA[testCreatingPetStoreOrder started: 
Code 200
From io.restassured.internal.RestAssuredResponseImpl@633ddc0cJson response: <Order>
  <complete>true</complete>
  <id>3</id>
  <petId>0</petId>
  <quantity>1</quantity>
  <shipDate>2023-03-01T00:00:00Z</shipDate>
  <status>placed</status>
</Order>
]]></system-out>
  </testcase>
  <testcase name="testCreatingPetStoreOrder[json, json, negative_order](3)" classname="com.test.ApiTestStore" time="0.631">
    <system-out><![CDATA[testCreatingPetStoreOrder started: 
Code 400
From io.restassured.internal.RestAssuredResponseImpl@1aedf08dJson response: {
    "code": 400,
    "type": "unknown",
    "message": "bad input"
}
]]></system-out>
  </testcase>
  <testcase name="testCreatingPetStoreOrder[json, xml, negative_order](4)" classname="com.test.ApiTestStore" time="0.646">
    <system-out><![CDATA[testCreatingPetStoreOrder started: 
Code 400
From io.restassured.internal.RestAssuredResponseImpl@10fb4575Json response: <apiResponse>
  <message>bad input</message>
  <type>unknown</type>
</apiResponse>
]]></system-out>
  </testcase>
  <testcase name="testGettingPetStoreOrderByID[json, , positive](1)" classname="com.test.ApiTestStore" time="0.647">
    <system-out><![CDATA[testGettingPetStoreOrderByID started: 
Code 200
Test Get PetStoreOrderById response: {
    "id": 3,
    "petId": 0,
    "quantity": 1,
    "shipDate": "2023-03-01T00:00:00.000+0000",
    "status": "placed",
    "complete": true
}
An error occurred: Content is not allowed in prolog.
]]></system-out>
  </testcase>
  <testcase name="testGettingPetStoreOrderByID[xml, , positive](2)" classname="com.test.ApiTestStore" time="0.655">
    <system-out><![CDATA[testGettingPetStoreOrderByID started: 
Code 200
Test Get PetStoreOrderById response: <Order>
  <complete>true</complete>
  <id>3</id>
  <petId>0</petId>
  <quantity>1</quantity>
  <shipDate>2023-03-01T00:00:00Z</shipDate>
  <status>placed</status>
</Order>
]]></system-out>
  </testcase>
  <testcase name="testGettingPetStoreOrderByID[json, , negative](3)" classname="com.test.ApiTestStore" time="0.616">
    <system-out><![CDATA[testGettingPetStoreOrderByID started: 
Code 404
Test Get PetStoreOrderById response: {
    "code": 1,
    "type": "error",
    "message": "Order not found"
}
]]></system-out>
  </testcase>
  <testcase name="testGettingPetStoreOrderByID[xml, , negative](4)" classname="com.test.ApiTestStore" time="0.64">
    <system-out><![CDATA[testGettingPetStoreOrderByID started: 
Code 404
Test Get PetStoreOrderById response: <apiResponse>
  <message>Order not found</message>
  <type>error</type>
</apiResponse>
]]></system-out>
  </testcase>
  <testcase name="testGettingPetStoreOrderByID[json, , negative_order](5)" classname="com.test.ApiTestStore" time="0.009">
    <system-out><![CDATA[testGettingPetStoreOrderByID started: 
An error occurred: Numbers bigger than 10 are not valid
]]></system-out>
  </testcase>
  <testcase name="testGettingPetStoreOrderByID[xml, , negative_order](6)" classname="com.test.ApiTestStore" time="0.004">
    <system-out><![CDATA[testGettingPetStoreOrderByID started: 
An error occurred: Numbers bigger than 10 are not valid
]]></system-out>
  </testcase>
  <testcase name="testDeletingPetStoreOrderByID[json, , positive](1)" classname="com.test.ApiTestStore" time="0.646">
    <system-out><![CDATA[testDeletingPetStoreOrderByID started: 
Code 200
Test Delete PetStoreOrderById response: {
    "id": 3,
    "petId": 0,
    "quantity": 1,
    "shipDate": "2023-03-01T00:00:00.000+0000",
    "status": "placed",
    "complete": true
}
An error occurred: Content is not allowed in prolog.
]]></system-out>
  </testcase>
  <testcase name="testDeletingPetStoreOrderByID[xml, , positive](2)" classname="com.test.ApiTestStore" time="0.653">
    <system-out><![CDATA[testDeletingPetStoreOrderByID started: 
Code 200
Test Delete PetStoreOrderById response: <Order>
  <complete>true</complete>
  <id>3</id>
  <petId>0</petId>
  <quantity>1</quantity>
  <shipDate>2023-03-01T00:00:00Z</shipDate>
  <status>placed</status>
</Order>
]]></system-out>
  </testcase>
  <testcase name="testDeletingPetStoreOrderByID[json, , negative](3)" classname="com.test.ApiTestStore" time="0.646">
    <system-out><![CDATA[testDeletingPetStoreOrderByID started: 
Code 404
Test Delete PetStoreOrderById response: {
    "code": 1,
    "type": "error",
    "message": "Order not found"
}
]]></system-out>
  </testcase>
  <testcase name="testDeletingPetStoreOrderByID[xml, , negative](4)" classname="com.test.ApiTestStore" time="0.64">
    <system-out><![CDATA[testDeletingPetStoreOrderByID started: 
Code 404
Test Delete PetStoreOrderById response: <apiResponse>
  <message>Order not found</message>
  <type>error</type>
</apiResponse>
]]></system-out>
  </testcase>
  <testcase name="testDeletingPetStoreOrderByID[json, , negative_order](5)" classname="com.test.ApiTestStore" time="0.011">
    <system-out><![CDATA[testDeletingPetStoreOrderByID started: 
Code 400
An error occurred: Numbers bigger than 10 are not valid
]]></system-out>
  </testcase>
  <testcase name="testDeletingPetStoreOrderByID[xml, , negative_order](6)" classname="com.test.ApiTestStore" time="0.005">
    <system-out><![CDATA[testDeletingPetStoreOrderByID started: 
Code 400
An error occurred: Numbers bigger than 10 are not valid
]]></system-out>
  </testcase>
  <testcase name="testGettingStoreInventory" classname="com.test.ApiTestStore" time="0.629">
    <system-out><![CDATA[testGettingStoreInventory started: 
Test Get PetStore Inventory response: {
    "sold": 9,
    "New": 1,
    "new_new": 1,
    "string": 789,
    "unavailable": 1,
    " available": 1,
    "pending": 6,
    "available": 173,
    "z probigom": 1,
    "0": 12,
    "123": 1,
    "for sale": 1,
    "invalid": 2
}
]]></system-out>
  </testcase>
  <testcase name="testCreatePetById[json, app_form, positive](1)" classname="com.test.APITestPet" time="0.657">
    <system-out><![CDATA[testCreatePetById started: 
Code 200
New pet response: {
    "code": 200,
    "type": "unknown",
    "message": "13"
}
]]></system-out>
  </testcase>
  <testcase name="testCreatePetById[xml, app_form, positive](2)" classname="com.test.APITestPet" time="0.624">
    <system-out><![CDATA[testCreatePetById started: 
Code 200
New pet response: <apiResponse>
  <message>13</message>
  <type>unknown</type>
</apiResponse>
]]></system-out>
  </testcase>
  <testcase name="testCreatePetById[json, app_form, negative](3)" classname="com.test.APITestPet" time="0.635">
    <system-out><![CDATA[testCreatePetById started: 
Code 404
New pet response: {
    "code": 404,
    "type": "unknown",
    "message": "not found"
}
]]></system-out>
  </testcase>
  <testcase name="testCreatePetById[xml, app_form, negative](4)" classname="com.test.APITestPet" time="0.673">
    <system-out><![CDATA[testCreatePetById started: 
Code 404
New pet response: <apiResponse>
  <message>not found</message>
  <type>unknown</type>
</apiResponse>
]]></system-out>
  </testcase>
  <testcase name="testCreatePetByUploadedImg[json, uploadingImg, positive](1)" classname="com.test.APITestPet" time="0.989">
    <system-out><![CDATA[testCreatePetByUploadedImg started: 
Code 200
Responde view: {
    "code": 200,
    "type": "unknown",
    "message": "additionalMetadata: uploadingTest\nFile uploaded to ./testing_img.jpg, 44524 bytes"
}
]]></system-out>
  </testcase>
  <testcase name="testCreatePetByUploadedImg[json, uploadingImg, negative](2)" classname="com.test.APITestPet" time="0.659">
    <system-out><![CDATA[testCreatePetByUploadedImg started: 
Code 404
Responde view: {
    "code": 404,
    "type": "unknown",
    "message": "null for uri: http://petstore.swagger.io/v2/bad_path2/-5123/uploadImage"
}
]]></system-out>
  </testcase>
  <testcase name="testGetPetById[json, , positive](1)" classname="com.test.APITestPet" time="0.632">
    <system-out><![CDATA[testGetPetById started: 
Code 200
Test Get Pet by id 13response: {
    "id": 13,
    "name": "GoodBoy1234",
    "photoUrls": [
        "https://good_dog123.png"
    ],
    "tags": [
        {
            "id": 321,
            "name": "BigOnes"
        }
    ],
    "status": " available"
}
]]></system-out>
  </testcase>
  <testcase name="testGetPetById[xml, , positive](2)" classname="com.test.APITestPet" time="0.634">
    <system-out><![CDATA[testGetPetById started: 
Code 200
Test Get Pet by id 13response: <Pet>
  <id>13</id>
  <name>GoodBoy1234</name>
  <photoUrls>
    <photoUrl>https://good_dog123.png</photoUrl>
  </photoUrls>
  <status> available</status>
  <tags>
    <tag>
      <id>321</id>
      <name>BigOnes</name>
    </tag>
  </tags>
</Pet>
]]></system-out>
  </testcase>
  <testcase name="testGetPetById[json, , negative](3)" classname="com.test.APITestPet" time="0.644">
    <system-out><![CDATA[testGetPetById started: 
Code 404
Test Get Pet by id -125126651response: {
    "code": 1,
    "type": "error",
    "message": "Pet not found"
}
]]></system-out>
  </testcase>
  <testcase name="testGetPetById[xml, , negative](4)" classname="com.test.APITestPet" time="0.656">
    <system-out><![CDATA[testGetPetById started: 
Code 404
Test Get Pet by id -125126651response: <apiResponse>
  <message>Pet not found</message>
  <type>error</type>
</apiResponse>
]]></system-out>
  </testcase>
  <testcase name="testGetPetById[json, , negative_order](5)" classname="com.test.APITestPet" time="0.004">
    <system-out><![CDATA[testGetPetById started: 
Code type 400. Invalid output
]]></system-out>
  </testcase>
  <testcase name="testGetPetById[xml, , negative_order](6)" classname="com.test.APITestPet" time="0.006">
    <system-out><![CDATA[testGetPetById started: 
Code type 400. Invalid output
]]></system-out>
  </testcase>
  <testcase name="testGetPetByStatus[available, [Ljava.lang.String;@b9b97ad, withApiKey, positive](1)" classname="com.test.APITestPet" time="1.78">
    <system-out><![CDATA[testGetPetByStatus started: 
Data from app:json
Code 200
Test status response:[
    {
        "id": 9223372036854253504,
        "category": {
            "id": 0,
            "name": "string"
        },
        "name": "fish",
        "photoUrls": [
            "string"
        ],
        "tags": [
            {
                "id": 0,
                "name": "string"
            }
        ],
        "status": "available"
    },
    {
        "id": 9223372036854253515,
        "category": {
            "id": 0,
            "name": "string"
        },
        "name": "fish",
        "photoUrls": [
            "string"
        ],
        "tags": [
            {
                "id": 0,
                "name": "string"
            }
        ],
        "status": "available"
    },
    {
        "id": 716,
        "category": {
            "id": 0,
            "name": "cat"
        },
        "name": "Anastacio",
        "photoUrls": [
            
        ],
        "tags": [
            {
                "id": 0,
                "name": "black"
            }
        ],
        "status": "available"
    },
    {
        "id": 9222968140497180179,
        "category": {
            "id": 0,
            "name": "string"
        },
        "name": "test",
        "photoUrls": [
            "string"
        ],
        "tags": [
            {
                "id": 0,
                "name": "string"
            }
        ],
        "status": "available"
    },
    {
        "id": 9223372036854253543,
        "category": {
            "id": 0,
            "name": "string"
        },
        "name": "fish",
        "photoUrls": [
            "string"
        ],
        "tags": [
            {
                "id": 0,
                "name": "string"
            }
        ],
        "status": "available"
    },
    {
        "id": 9223372036854253545,
        "category": {
            "id": 0,
            "name": "string"
        },
        "name": "fish",
        "photoUrls": [
            "string"
        ],
        "tags": [
            {
                "id": 0,
                "name": "string"
            }
        ],
        "status": "available"
    },
    {
        "id": 9223372036854253550,
        "category": {
            "id": 0,
            "name": "string"
        },
        "name": "fish",
        "photoUrls": [
            "string"
        ],
        "tags": [
            {
                "id": 0,
                "name": "string"
            }
        ],
        "status": "available"
    },
    {
        "id": 9223372036854253551,
        "category": {
            "id": 0,
            "name": "string"
        },
        "name": "fish",
        "photoUrls": [
            "string"
        ],
        "tags": [
            {
                "id": 0,
                "name": "string"
            }
        ],
        "status": "available"
    },
    {
        "id": 9223372036854253582,
        "category": {
            "id": 0,
            "name": "string"
        },
        "name": "fish",
        "photoUrls": [
            "string"
        ],
        "tags": [
            {
                "id": 0,
                "name": "string"
            }
        ],
        "status": "available"
    },
    {
        "id": 9223372036854253583,
        "category": {
            "id": 0,
            "name": "string"
        },
        "name": "fish",
        "photoUrls": [
            "string"
        ],
        "tags": [
            {
                "id": 0,
                "name": "string"
            }
        ],
        "status": "available"
    },
    {
        "id": 9223372036854253584,
        "category": {
            "id": 0,
            "name": "string"
        },
        "name": "fish",
        "photoUrls": [
            "string"
        ],
        "tags": [
            {
                "id": 0,
                "name": "string"
            }
        ],
        "status": "available"
    },
    {
        "id": 9223372036854253585,
        "category": {
            "id": 0,
            "name": "string"
        },
        "name": "fish",
        "photoUrls": [
            "string"
        ],
        "tags": [
            {
                "id": 0,
                "name": "string"
            }
        ],
        "status": "available"
    },
    {
        "id": 9223372036854253588,
        "category": {
            "id": 0,
            "name": "string"
        },
        "name": "doggie",
        "photoUrls": [
            "string"
        ],
        "tags": [
            {
                "id": 0,
                "name": "string"
            }
        ],
        "status": "available"
    },
    {
        "id": 435,
        "category": {
            "id": 0,
            "name": "cat"
        },
        "name": "Kristy",
        "photoUrls": [
            
        ],
        "tags": [
            {
                "id": 0,
                "name": "black"
            }
        ],
        "status": "available"
    },
    {
        "id": 9223372036854253595,
        "category": {
            "id": 0,
            "name": "string"
        },
        "name": "doggie",
        "photoUrls": [
            "string"
        ],
        "tags": [
            {
                "id": 0,
                "name": "string"
            }
        ],
        "status": "available"
    },
    {
        "id": 711721,
        "category": {
            "id": 921642,
            "name": "Desiree Guzman"
        },
        "name": "doggie",
        "photoUrls": [
            "string"
        ],
        "tags": [
            {
                "id": 924150,
                "name": "Brenda Bell"
            }
        ],
        "status": "available"
    },
    {
        "id": 595,
        "category": {
            "id": 0,
            "name": "cat"
        },
        "name": "Abagail",
        "photoUrls": [
            
        ],
        "tags": [
            {
                "id": 0,
                "name": "black"
            }
        ],
        "status": "available"
    },
    {
        "id": 9223372036854253608,
        "category": {
            "id": 0,
            "name": "string"
        },
        "name": "fish",
        "photoUrls": [
            "string"
        ],
        "tags": [
            {
                "id": 0,
                "name": "string"
            }
        ],
        "status": "available"
    },
    {
        "id": 9223372036854253609,
        "category": {
            "id": 0,
            "name": "string"
        },
        "name": "fish",
        "photoUrls": [
            "string"
        ],
        "tags": [
            {
                "id": 0,
                "name": "string"
            }
        ],
        "status": "available"
    },
    {
        "id": 9223372036854253610,
        "category": {
            "id": 0,
            "name": "Jerry"
        },
        "name": "Mouse",
        "photoUrls": [
            "string"
        ],
        "tags": [
            {
                "id": 0,
                "name": "Mouse"
            }
        ],
        "status": "available"
    },
    {
        "id": 187001,
        "category": {
            "id": 226328,
            "name": "Keith Boyd"
        },
        "name": "doggie",
        "photoUrls": [
            "string"
        ],
        "tags": [
            {
                "id": 260615,
                "name": "Teresa Smith"
            }
        ],
        "status": "available"
    },
    {
        "id": 9223372036854253619,
        "category": {
            "id": 0,
            "name": "string"
        },
        "name": "fish",
        "photoUrls": [
            "string"
        ],
        "tags": [
            {
                "id": 0,
                "name": "string"
            }
        ],
        "status": "available"
    },
    {
        "id": 9223372036854253636,
        "category": {
            "id": 0,
            "name": "string"
        },
        "name": "fish",
        "photoUrls": [
            "string"
        ],
        "tags": [
            {
                "id": 0,
                "name": "string"
            }
        ],
        "status": "available"
    },
    {
        "id": 9223372036854253656,
        "category": {
            "id": 0,
            "name": "string"
        },
        "name": "doggie",
        "photoUrls": [
            "string"
        ],
        "tags": [
            {
                "id": 0,
                "name": "string"
            }
        ],
        "status": "available"
    },
    {
        "id": 9223372036854253673,
        "category": {
            "id": 0,
            "name": "string"
        },
        "name": "fish",
        "photoUrls": [
            "string"
        ],
        "tags": [
            {
                "id": 0,
                "name": "string"
            }
        ],
        "status": "available"
    },
    {
        "id": 9223372036854253675,
        "category": {
            "id": 0,
            "name": "string"
        },
        "name": "fish",
        "photoUrls": [
            "string"
        ],
        "tags": [
            {
                "id": 0,
                "name": "string"
            }
        ],
        "status": "available"
    },
    {
        "id": 9223372036854253680,
        "category": {
            "id": 0,
            "name": "string"
        },
        "name": "fish",
        "photoUrls": [
            "string"
        ],
        "tags": [
            {
                "id": 0,
                "name": "string"
            }
        ],
        "status": "available"
    },
    {
        "id": 9223372036854253681,
        "category": {
            "id": 0,
            "name": "string"
        },
        "name": "fish",
        "photoUrls": [
            "string"
        ],
        "tags": [
            {
                "id": 0,
                "name": "string"
            }
        ],
        "status": "available"
    },
    {
        "id": 321321321,
        "category": {
            "id": 33,
            "name": "york"
        },
        "name": "tommy",
        "photoUrls": [
            
        ],
        "tags": [
            {
                "id": 3,
                "name": "Rozumovich"
            }
        ],
        "status": "available"
    },
    {
        "id": 9223372036854253712,
        "category": {
            "id": 0,
            "name": "string"
        },
        "name": "fish",
        "photoUrls": [
            "string"
        ],
        "tags": [
            {
                "id": 0,
                "name": "string"
            }
        ],
        "status": "available"
    },
    {
        "id": 9223372036854253716,
        "category": {
            "id": 0,
            "name": "string"
        },
        "name": "fish",
        "photoUrls": [
            "string"
        ],
        "tags": [
            {
                "id": 0,
                "name": "string"
            }
        ],
        "status": "available"
    },
    {
        "id": 9223372036854253717,
        "category": {
            "id": 0,
            "name": "string"
        },
        "name": "fish",
        "photoUrls": [
            "string"
        ],
        "tags": [
            {
                "id": 0,
                "name": "string"
            }
        ],
        "status": "available"
    },
    {
        "id": 9223372036854253718,
        "category": {
            "id": 0,
            "name": "string"
        },
        "name": "fish",
        "photoUrls": [
            "string"
        ],
        "tags": [
            {
                "id": 0,
                "name": "string"
            }
        ],
        "status": "available"
    },
    {
        "id": 9223372036854253770,
        "category": {
            "id": 0,
            "name": "string"
        },
        "name": "fish",
        "photoUrls": [
            "string"
        ],
        "tags": [
            {
                "id": 0,
                "name": "string"
            }
        ],
        "status": "available"
    },
    {
        "id": 9223372036854253771,
        "category": {
            "id": 0,
            "name": "string"
        },
        "name": "fish",
        "photoUrls": [
            "string"
        ],
        "tags": [
            {
                "id": 0,
                "name": "string"
            }
        ],
        "status": "available"
    },
    {
        "id": 9223372036854253774,
        "category": {
            "id": 0,
            "name": "monkey"
        },
        "name": "Banana",
        "photoUrls": [
            "string"
        ],
        "tags": [
            {
                "id": 0,
                "name": "string"
            }
        ],
        "status": "available"
    },
    {
        "id": 9223372036854253781,
        "category": {
            "id": 0,
            "name": "string"
        },
        "name": "fish",
        "photoUrls": [
            "string"
        ],
        "tags": [
            {
                "id": 0,
                "name": "string"
            }
        ],
        "status": "available"
    },
    {
        "id": 9223372036854253798,
        "category": {
            "id": 0,
            "name": "string"
        },
        "name": "fish",
        "photoUrls": [
            "string"
        ],
        "tags": [
            {
                "id": 0,
                "name": "string"
            }
        ],
        "status": "available"
    },
    {
        "id": 9223372036854253814,
        "category": {
            "id": 0,
            "name": "string"
        },
        "name": "fish",
        "photoUrls": [
            "string"
        ],
        "tags": [
            {
                "id": 0,
                "name": "string"
            }
        ],
        "status": "available"
    },
    {
        "id": 9223372036854253815,
        "category": {
            "id": 0,
            "name": "string"
        },
        "name": "fish",
        "photoUrls": [
            "string"
        ],
        "tags": [
            {
                "id": 0,
                "name": "string"
            }
        ],
        "status": "available"
    },
    {
        "id": 9223372036854253821,
        "category": {
            "id": 0,
            "name": "string"
        },
        "name": "fish",
        "photoUrls": [
            "string"
        ],
        "tags": [
            {
                "id": 0,
                "name": "string"
            }
        ],
        "status": "available"
    },
    {
        "id": 9223372036854253822,
        "category": {
            "id": 0,
            "name": "string"
        },
        "name": "fish",
        "photoUrls": [
            "string"
        ],
        "tags": [
            {
                "id": 0,
                "name": "string"
            }
        ],
        "status": "available"
    },
    {
        "id": 9223372036854253835,
        "category": {
            "id": 0,
            "name": "string"
        },
        "name": "fish",
        "photoUrls": [
            "string"
        ],
        "tags": [
            {
                "id": 0,
                "name": "string"
            }
        ],
        "status": "available"
    },
    {
        "id": 9223372036854253844,
        "category": {
            "id": 0,
            "name": "string"
        },
        "name": "fish",
        "photoUrls": [
            "string"
        ],
        "tags": [
            {
                "id": 0,
                "name": "string"
            }
        ],
        "status": "available"
    },
    {
        "id": 9223372036854253847,
        "category": {
            "id": 0,
            "name": "string"
        },
        "name": "fish",
        "photoUrls": [
            "string"
        ],
        "tags": [
            {
                "id": 0,
                "name": "string"
            }
        ],
        "status": "available"
    },
    {
        "id": 9223372036854253848,
        "category": {
            "id": 0,
            "name": "string"
        },
        "name": "fish",
        "photoUrls": [
            "string"
        ],
        "tags": [
            {
                "id": 0,
                "name": "string"
            }
        ],
        "status": "available"
    },
    {
        "id": 9223372036854253879,
        "category": {
            "id": 0,
            "name": "string"
        },
        "name": "fish",
        "photoUrls": [
            "string"
        ],
        "tags": [
            {
                "id": 0,
                "name": "string"
            }
        ],
        "status": "available"
    },
    {
        "id": 9223372036854253880,
        "category": {
            "id": 0,
            "name": "string"
        },
        "name": "fish",
        "photoUrls": [
            "string"
        ],
        "tags": [
            {
                "id": 0,
                "name": "string"
            }
        ],
        "status": "available"
    },
    {
        "id": 9223372036854253883,
        "category": {
            "id": 0,
            "name": "string"
        },
        "name": "doggie",
        "photoUrls": [
            "string"
        ],
        "tags": [
            {
                "id": 0,
                "name": "string"
            }
        ],
        "status": "available"
    },
    {
        "id": 9223372036854253888,
        "category": {
            "id": 0,
            "name": "string"
        },
        "name": "fish",
        "photoUrls": [
            "string"
        ],
        "tags": [
            {
                "id": 0,
                "name": "string"
            }
        ],
        "status": "available"
    },
    {
        "id": 9223372036854253893,
        "category": {
            "id": 0,
            "name": "string"
        },
        "name": "test",
        "photoUrls": [
            "string"
        ],
        "tags": [
            {
                "id": 0,
                "name": "string"
            }
        ],
        "status": "available"
    },
    {
        "id": 9223372036854253894,
        "category": {
            "id": 0,
            "name": "string"
        },
        "name": "test",
        "photoUrls": [
            "string"
        ],
        "tags": [
            {
                "id": 0,
                "name": "string"
            }
        ],
        "status": "available"
    },
    {
        "id": 9223372036854253895,
        "category": {
            "id": 0,
            "name": "string"
        },
        "name": "test",
        "photoUrls": [
            "string"
        ],
        "tags": [
            {
                "id": 0,
                "name": "string"
            }
        ],
        "status": "available"
    },
    {
        "id": 9223372036854253896,
        "category": {
            "id": 0,
            "name": "string"
        },
        "name": "test",
        "photoUrls": [
            "string"
        ],
        "tags": [
            {
                "id": 0,
                "name": "string"
            }
        ],
        "status": "available"
    },
    {
        "id": 9223372036854253901,
        "category": {
            "id": 0,
            "name": "string"
        },
        "name": "fish",
        "photoUrls": [
            "string"
        ],
        "tags": [
            {
                "id": 0,
                "name": "string"
            }
        ],
        "status": "available"
    },
    {
        "id": 9223372036854253938,
        "category": {
            "id": 0,
            "name": "string"
        },
        "name": "fish",
        "photoUrls": [
            "string"
        ],
        "tags": [
            {
                "id": 0,
                "name": "string"
            }
        ],
        "status": "available"
    },
    {
        "id": 9223372036854253940,
        "category": {
            "id": 0,
            "name": "string"
        },
        "name": "fish",
        "photoUrls": [
            "string"
        ],
        "tags": [
            {
                "id": 0,
                "name": "string"
            }
        ],
        "status": "available"
    },
    {
        "id": 9223372036854253947,
        "category": {
            "id": 0,
            "name": "string"
        },
        "name": "fish",
        "photoUrls": [
            "string"
        ],
        "tags": [
            {
                "id": 0,
                "name": "string"
            }
        ],
        "status": "available"
    },
    {
        "id": 9223372036854253948,
        "category": {
            "id": 0,
            "name": "string"
        },
        "name": "fish",
        "photoUrls": [
            "string"
        ],
        "tags": [
            {
                "id": 0,
                "name": "string"
            }
        ],
        "status": "available"
    },
    {
        "id": 9223372036854253964,
        "category": {
            "id": 0,
            "name": "string"
        },
        "name": "fish",
        "photoUrls": [
            "string"
        ],
        "tags": [
            {
                "id": 0,
                "name": "string"
            }
        ],
        "status": "available"
    },
    {
        "id": 9223372036854253965,
        "category": {
            "id": 0,
            "name": "string"
        },
        "name": "doggie",
        "photoUrls": [
            "string"
        ],
        "tags": [
            {
                "id": 0,
                "name": "string"
            }
        ],
        "status": "available"
    },
    {
        "id": 9223372036854253972,
        "category": {
            "id": 0,
            "name": "string"
        },
        "name": "fish",
        "photoUrls": [
            "string"
        ],
        "tags": [
            {
                "id": 0,
                "name": "string"
            }
        ],
        "status": "available"
    },
    {
        "id": 9223372036854253976,
        "category": {
            "id": 0,
            "name": "string"
        },
        "name": "fish",
        "photoUrls": [
            "string"
        ],
        "tags": [
            {
                "id": 0,
                "name": "string"
            }
        ],
        "status": "available"
    },
    {
        "id": 9223372036854253979,
        "category": {
            "id": 0,
            "name": "string"
        },
        "name": "fish",
        "photoUrls": [
            "string"
        ],
        "tags": [
            {
                "id": 0,
                "name": "string"
            }
        ],
        "status": "available"
    },
    {
        "id": 9223372036854253982,
        "name": "doggie",
        "photoUrls": [
            
        ],
        "tags": [
            
        ],
        "status": "available"
    },
    {
        "id": 9223372036854254027,
        "category": {
            "id": 0,
            "name": "string"
        },
        "name": "fish",
        "photoUrls": [
            "string"
        ],
        "tags": [
            {
                "id": 0,
                "name": "string"
            }
        ],
        "status": "available"
    },
    {
        "id": 9223372036854254028,
        "category": {
            "id": 0,
            "name": "string"
        },
        "name": "fish",
        "photoUrls": [
            "string"
        ],
        "tags": [
            {
                "id": 0,
                "name": "string"
            }
        ],
        "status": "available"
    },
    {
        "id": 9223372036854254031,
        "category": {
            "id": -74696456,
            "name": "culpa fugiat veniam cupidatat sint"
        },
        "name": "doggie",
        "photoUrls": [
            "culpa commodo",
            "Lorem in veniam qui"
        ],
        "tags": [
            {
                "id": -28973829,
                "name": "cillum eu ad adipisicing do"
            },
            {
                "id": -12934735,
                "name": "est do sint Ut sunt"
            }
        ],
        "status": "available"
    },
    {
        "id": 9223372036854254032,
        "name": "Demenkov [Val Crow]",
        "photoUrls": [
            
        ],
        "tags": [
            
        ],
        "status": "available"
    },
    {
        "id": 9223372036854254035,
        "category": {
            "id": 0,
            "name": "string"
        },
        "name": "morce",
        "photoUrls": [
            "string"
        ],
        "tags": [
            {
                "id": 0,
                "name": "string"
            }
        ],
        "status": "available"
    },
    {
        "id": 9223372036854254038,
        "category": {
            "id": 0,
            "name": "string"
        },
        "name": "doggie",
        "photoUrls": [
            "string"
        ],
        "tags": [
            {
                "id": 0,
                "name": "string"
            }
        ],
        "status": "available"
    },
    {
        "id": 9223372036854254044,
        "category": {
            "id": 0,
            "name": "string"
        },
        "name": "doggie",
        "photoUrls": [
            "string"
        ],
        "tags": [
            {
                "id": 0,
                "name": "string"
            }
        ],
        "status": "available"
    },
    {
        "id": 9223372036854254045,
        "category": {
            "id": 0,
            "name": "string"
        },
        "name": "fish",
        "photoUrls": [
            "string"
        ],
        "tags": [
            {
                "id": 0,
                "name": "string"
            }
        ],
        "status": "available"
    },
    {
        "id": 9223372036854254047,
        "category": {
            "id": 0,
            "name": "string"
        },
        "name": "fish",
        "photoUrls": [
            "string"
        ],
        "tags": [
            {
                "id": 0,
                "name": "string"
            }
        ],
        "status": "available"
    },
    {
        "id": 9223372036854254056,
        "name": "Demenkov [Luna Tick]",
        "photoUrls": [
            
        ],
        "tags": [
            
        ],
        "status": "available"
    },
    {
        "id": 9223372036854254066,
        "category": {
            "id": 0,
            "name": "string"
        },
        "name": "doggie",
        "photoUrls": [
            "string"
        ],
        "tags": [
            {
                "id": 0,
                "name": "string"
            }
        ],
        "status": "available"
    },
    {
        "id": 9223372036854254073,
        "category": {
            "id": 0,
            "name": "string"
        },
        "name": "fish",
        "photoUrls": [
            "string"
        ],
        "tags": [
            {
                "id": 0,
                "name": "string"
            }
        ],
        "status": "available"
    },
    {
        "id": 9223372036854254075,
        "category": {
            "id": 0,
            "name": "string"
        },
        "name": "fish",
        "photoUrls": [
            "string"
        ],
        "tags": [
            {
                "id": 0,
                "name": "string"
            }
        ],
        "status": "available"
    },
    {
        "id": 9223372036854254076,
        "name": "Demenkov [Anita Bathe]",
        "photoUrls": [
            
        ],
        "tags": [
            
        ],
        "status": "available"
    },
    {
        "id": 9223372036854254077,
        "category": {
            "id": 0,
            "name": "string"
        },
        "name": "fish",
        "photoUrls": [
            "string"
        ],
        "tags": [
            {
                "id": 0,
                "name": "string"
            }
        ],
        "status": "available"
    },
    {
        "id": 9223372036854254078,
        "category": {
            "id": 0,
            "name": "string"
        },
        "name": "fish",
        "photoUrls": [
            "string"
        ],
        "tags": [
            {
                "id": 0,
                "name": "string"
            }
        ],
        "status": "available"
    },
    {
        "id": 870,
        "category": {
            "id": 0,
            "name": "cat"
        },
        "name": "Karelle",
        "photoUrls": [
            
        ],
        "tags": [
            {
                "id": 0,
                "name": "black"
            }
        ],
        "status": "available"
    },
    {
        "id": 9223372036854254106,
        "category": {
            "id": 0,
            "name": "string"
        },
        "name": "fish",
        "photoUrls": [
            "string"
        ],
        "tags": [
            {
                "id": 0,
                "name": "string"
            }
        ],
        "status": "available"
    },
    {
        "id": 9223372036854254113,
        "category": {
            "id": 0,
            "name": "string"
        },
        "name": "fish",
        "photoUrls": [
            "string"
        ],
        "tags": [
            {
                "id": 0,
                "name": "string"
            }
        ],
        "status": "available"
    },
    {
        "id": 9223372036854254114,
        "category": {
            "id": 0,
            "name": "string"
        },
        "name": "fish",
        "photoUrls": [
            "string"
        ],
        "tags": [
            {
                "id": 0,
                "name": "string"
            }
        ],
        "status": "available"
    },
    {
        "id": 9223372036854254116,
        "category": {
            "id": 0,
            "name": "string"
        },
        "name": "fish",
        "photoUrls": [
            "string"
        ],
        "tags": [
            {
                "id": 0,
                "name": "string"
            }
        ],
        "status": "available"
    },
    {
        "id": 9223372036854254161,
        "category": {
            "id": 1,
            "name": "Mèo Anh lông dài"
        },
        "name": "Trắng",
        "photoUrls": [
            "http://placeimg.com/640/480/cats"
        ],
        "tags": [
            {
                "id": 1,
                "name": "MeoAnhlongdai"
            },
            {
                "id": 1,
                "name": "Trang"
            }
        ],
        "status": "available"
    },
    {
        "id": 9223372036854254172,
        "category": {
            "id": 0,
            "name": "string"
        },
        "name": "fish",
        "photoUrls": [
            "string"
        ],
        "tags": [
            {
                "id": 0,
                "name": "string"
            }
        ],
        "status": "available"
    },
    {
        "id": 9223372036854254173,
        "category": {
            "id": 0,
            "name": "string"
        },
        "name": "fish",
        "photoUrls": [
            "string"
        ],
        "tags": [
            {
                "id": 0,
                "name": "string"
            }
        ],
        "status": "available"
    },
    {
        "id": 9223372036854254176,
        "name": "Demenkov [Marsha Mellow]",
        "photoUrls": [
            
        ],
        "tags": [
            
        ],
        "status": "available"
    },
    {
        "id": 9223372036854254178,
        "category": {
            "id": 1,
            "name": "Mèo Anh lông dài"
        },
        "name": "Trắng",
        "photoUrls": [
            "youtube.com"
        ],
        "tags": [
            {
                "id": 1,
                "name": "MeoAnhlongdai"
            },
            {
                "id": 1,
                "name": "Trang"
            }
        ],
        "status": "available"
    },
    {
        "id": 9223372036854254180,
        "category": {
            "id": 0,
            "name": "string"
        },
        "name": "doggie",
        "photoUrls": [
            "string"
        ],
        "tags": [
            {
                "id": 0,
                "name": "string"
            }
        ],
        "status": "available"
    },
    {
        "id": 9223372036854254181,
        "name": "Demenkov [Eve Ning]",
        "photoUrls": [
            
        ],
        "tags": [
            
        ],
        "status": "available"
    },
    {
        "id": 9223372036854254184,
        "category": {
            "id": 0,
            "name": "string"
        },
        "name": "fish",
        "photoUrls": [
            "string"
        ],
        "tags": [
            {
                "id": 0,
                "name": "string"
            }
        ],
        "status": "available"
    },
    {
        "id": 1009,
        "category": {
            "id": 1,
            "name": "Home pet"
        },
        "name": "Pyps with big boobs",
        "photoUrls": [
            "Http:\\Googgle.com"
        ],
        "tags": [
            {
                "id": 1,
                "name": "QA"
            }
        ],
        "status": "available"
    },
    {
        "id": 9223372036854254187,
        "name": "Demenkov [Ed Jewcation]",
        "photoUrls": [
            
        ],
        "tags": [
            
        ],
        "status": "available"
    },
    {
        "id": 9223372036854254188,
        "category": {
            "id": 0,
            "name": "string"
        },
        "name": "doggie",
        "photoUrls": [
            "string"
        ],
        "tags": [
            {
                "id": 0,
                "name": "string"
            }
        ],
        "status": "available"
    },
    {
        "id": 9223372036854254190,
        "category": {
            "id": 0,
            "name": "string"
        },
        "name": "fish",
        "photoUrls": [
            "string"
        ],
        "tags": [
            {
                "id": 0,
                "name": "string"
            }
        ],
        "status": "available"
    },
    {
        "id": 9223372036854254201,
        "category": {
            "id": 0,
            "name": "monkey"
        },
        "name": "Banana",
        "photoUrls": [
            "string"
        ],
        "tags": [
            {
                "id": 0,
                "name": "string"
            }
        ],
        "status": "available"
    },
    {
        "id": 19090,
        "category": {
            "id": 0,
            "name": "kitten"
        },
        "name": "Goose",
        "photoUrls": [
            "string"
        ],
        "tags": [
            {
                "id": 0,
                "name": "string"
            }
        ],
        "status": "available"
    },
    {
        "id": 9223372036854254204,
        "name": "Demenkov [Lou Dan Obseen]",
        "photoUrls": [
            
        ],
        "tags": [
            
        ],
        "status": "available"
    },
    {
        "id": 403,
        "category": {
            "id": 0,
            "name": "string"
        },
        "name": "Kot",
        "photoUrls": [
            "string"
        ],
        "tags": [
            {
                "id": 0,
                "name": "string"
            }
        ],
        "status": "available"
    },
    {
        "id": 9223372036854254214,
        "category": {
            "id": 0,
            "name": "string"
        },
        "name": "doggie",
        "photoUrls": [
            "string"
        ],
        "tags": [
            {
                "id": 0,
                "name": "string"
            }
        ],
        "status": "available"
    },
    {
        "id": 9223372036854254217,
        "category": {
            "id": 0,
            "name": "string"
        },
        "name": "fish",
        "photoUrls": [
            "string"
        ],
        "tags": [
            {
                "id": 0,
                "name": "string"
            }
        ],
        "status": "available"
    },
    {
        "id": 9223372036854254219,
        "category": {
            "id": 0,
            "name": "string"
        },
        "name": "fish",
        "photoUrls": [
            "string"
        ],
        "tags": [
            {
                "id": 0,
                "name": "string"
            }
        ],
        "status": "available"
    },
    {
        "id": 112233,
        "category": {
            "id": 30,
            "name": "Eq-dog"
        },
        "name": "Postman",
        "photoUrls": [
            "URLLink"
        ],
        "tags": [
            {
                "id": 10,
                "name": "Doberman"
            }
        ],
        "status": "available"
    },
    {
        "id": 9222968140491042131,
        "category": {
            "id": 0,
            "name": "string"
        },
        "name": "doggie",
        "photoUrls": [
            "string"
        ],
        "tags": [
            {
                "id": 0,
                "name": "string"
            }
        ],
        "status": "available"
    },
    {
        "id": 9223372036854254223,
        "category": {
            "id": 0,
            "name": "string"
        },
        "name": "fish",
        "photoUrls": [
            "string"
        ],
        "tags": [
            {
                "id": 0,
                "name": "string"
            }
        ],
        "status": "available"
    },
    {
        "id": 9223372036854254224,
        "category": {
            "id": 0,
            "name": "string"
        },
        "name": "fish",
        "photoUrls": [
            "string"
        ],
        "tags": [
            {
                "id": 0,
                "name": "string"
            }
        ],
        "status": "available"
    },
    {
        "id": 9223372036854254227,
        "name": "pineapple",
        "photoUrls": [
            "string"
        ],
        "tags": [
            
        ],
        "status": "available"
    },
    {
        "id": 1245,
        "category": {
            "id": 1245,
            "name": "xyz"
        },
        "name": "xyz",
        "photoUrls": [
            "test"
        ],
        "tags": [
            
        ],
        "status": "available"
    },
    {
        "id": 251,
        "category": {
            "id": 0,
            "name": "test1"
        },
        "name": "dog1",
        "photoUrls": [
            "url1"
        ],
        "tags": [
            {
                "id": 1,
                "name": "string"
            }
        ],
        "status": "available"
    },
    {
        "id": 9223372036854254235,
        "category": {
            "id": 0,
            "name": "cat"
        },
        "name": "Veda",
        "photoUrls": [
            
        ],
        "tags": [
            {
                "id": 0,
                "name": "black"
            }
        ],
        "status": "available"
    },
    {
        "id": 1238586,
        "category": {
            "id": 1,
            "name": "cats"
        },
        "name": "Takeshi",
        "photoUrls": [
            "string"
        ],
        "tags": [
            {
                "id": 13,
                "name": "troublemaker"
            }
        ],
        "status": "available"
    },
    {
        "id": 9223372036854255005,
        "name": "pineapple",
        "photoUrls": [
            "string"
        ],
        "tags": [
            
        ],
        "status": "available"
    },
    {
        "id": 9223372036854255011,
        "category": {
            "id": 0,
            "name": "string"
        },
        "name": "fish",
        "photoUrls": [
            "string"
        ],
        "tags": [
            {
                "id": 0,
                "name": "string"
            }
        ],
        "status": "available"
    },
    {
        "id": 9223372036854255012,
        "category": {
            "id": 0,
            "name": "string"
        },
        "name": "fish",
        "photoUrls": [
            "string"
        ],
        "tags": [
            {
                "id": 0,
                "name": "string"
            }
        ],
        "status": "available"
    },
    {
        "id": 9223372036854255013,
        "name": "Demenkov [Megan Bacon]",
        "photoUrls": [
            
        ],
        "tags": [
            
        ],
        "status": "available"
    },
    {
        "id": 9223372036854255014,
        "category": {
            "id": 0,
            "name": "string"
        },
        "name": "fish",
        "photoUrls": [
            "string"
        ],
        "tags": [
            {
                "id": 0,
                "name": "string"
            }
        ],
        "status": "available"
    },
    {
        "id": 9223372036854255015,
        "category": {
            "id": 0,
            "name": "string"
        },
        "name": "fish",
        "photoUrls": [
            "string"
        ],
        "tags": [
            {
                "id": 0,
                "name": "string"
            }
        ],
        "status": "available"
    },
    {
        "id": 2314142,
        "category": {
            "id": 1,
            "name": "cats"
        },
        "name": "Takeshi",
        "photoUrls": [
            "string"
        ],
        "tags": [
            {
                "id": 13,
                "name": "troublemaker"
            }
        ],
        "status": "available"
    },
    {
        "id": 25,
        "category": {
            "id": 0,
            "name": "test13456£"
        },
        "name": "dog2",
        "photoUrls": [
            "url1"
        ],
        "tags": [
            {
                "id": 1,
                "name": "string"
            }
        ],
        "status": "available"
    },
    {
        "id": 9223372036854255026,
        "category": {
            "id": 0,
            "name": "string"
        },
        "name": "doggie",
        "photoUrls": [
            "string"
        ],
        "tags": [
            {
                "id": 0,
                "name": "string"
            }
        ],
        "status": "available"
    },
    {
        "id": 9223372036854255027,
        "category": {
            "id": 0,
            "name": "string"
        },
        "name": "doggie",
        "photoUrls": [
            "string"
        ],
        "tags": [
            {
                "id": 0,
                "name": "string"
            }
        ],
        "status": "available"
    },
    {
        "id": 9223372036854255032,
        "category": {
            "id": 0,
            "name": "string"
        },
        "name": "fish",
        "photoUrls": [
            "string"
        ],
        "tags": [
            {
                "id": 0,
                "name": "string"
            }
        ],
        "status": "available"
    },
    {
        "id": 9223372036854255065,
        "category": {
            "id": 0,
            "name": "string"
        },
        "name": "fish",
        "photoUrls": [
            "string"
        ],
        "tags": [
            {
                "id": 0,
                "name": "string"
            }
        ],
        "status": "available"
    },
    {
        "id": 9223372036854255067,
        "category": {
            "id": 0,
            "name": "string"
        },
        "name": "fish",
        "photoUrls": [
            "string"
        ],
        "tags": [
            {
                "id": 0,
                "name": "string"
            }
        ],
        "status": "available"
    },
    {
        "id": 9223372036854255068,
        "category": {
            "id": 0,
            "name": "string"
        },
        "name": "doggie",
        "photoUrls": [
            "string"
        ],
        "tags": [
            {
                "id": 0,
                "name": "string"
            }
        ],
        "status": "available"
    },
    {
        "id": 9223372036854255074,
        "category": {
            "id": 0,
            "name": "string"
        },
        "name": "fish",
        "photoUrls": [
            "string"
        ],
        "tags": [
            {
                "id": 0,
                "name": "string"
            }
        ],
        "status": "available"
    },
    {
        "id": 9223372036854255075,
        "category": {
            "id": 0,
            "name": "string"
        },
        "name": "fish",
        "photoUrls": [
            "string"
        ],
        "tags": [
            {
                "id": 0,
                "name": "string"
            }
        ],
        "status": "available"
    },
    {
        "id": 9223372036854255092,
        "category": {
            "id": 0,
            "name": "string"
        },
        "name": "fish",
        "photoUrls": [
            "string"
        ],
        "tags": [
            {
                "id": 0,
                "name": "string"
            }
        ],
        "status": "available"
    },
    {
        "id": 9223372036854255093,
        "category": {
            "id": 0,
            "name": "string"
        },
        "name": "fish",
        "photoUrls": [
            "string"
        ],
        "tags": [
            {
                "id": 0,
                "name": "string"
            }
        ],
        "status": "available"
    },
    {
        "id": 9223372036854255094,
        "category": {
            "id": 0,
            "name": "string"
        },
        "name": "fish",
        "photoUrls": [
            "string"
        ],
        "tags": [
            {
                "id": 0,
                "name": "string"
            }
        ],
        "status": "available"
    },
    {
        "id": 9223372036854255095,
        "category": {
            "id": 0,
            "name": "string"
        },
        "name": "fish",
        "photoUrls": [
            "string"
        ],
        "tags": [
            {
                "id": 0,
                "name": "string"
            }
        ],
        "status": "available"
    },
    {
        "id": 9223372036854255096,
        "category": {
            "id": 0,
            "name": "string"
        },
        "name": "fish",
        "photoUrls": [
            "string"
        ],
        "tags": [
            {
                "id": 0,
                "name": "string"
            }
        ],
        "status": "available"
    },
    {
        "id": 9223372036854255101,
        "category": {
            "id": 0,
            "name": "string"
        },
        "name": "doggie",
        "photoUrls": [
            "string"
        ],
        "tags": [
            {
                "id": 0,
                "name": "string"
            }
        ],
        "status": "available"
    },
    {
        "id": 57565868,
        "category": {
            "id": 1,
            "name": "cats"
        },
        "name": "Takeshi",
        "photoUrls": [
            "string"
        ],
        "tags": [
            {
                "id": 13,
                "name": "troublemaker"
            }
        ],
        "status": "available"
    },
    {
        "id": 9223372036854255110,
        "category": {
            "id": 0,
            "name": "string"
        },
        "name": "fish",
        "photoUrls": [
            "string"
        ],
        "tags": [
            {
                "id": 0,
                "name": "string"
            }
        ],
        "status": "available"
    },
    {
        "id": 123123,
        "category": {
            "id": 1,
            "name": "cats"
        },
        "name": "Takeshi",
        "photoUrls": [
            "string"
        ],
        "tags": [
            {
                "id": 13,
                "name": "troublemaker"
            }
        ],
        "status": "available"
    },
    {
        "id": 9223372036854255144,
        "category": {
            "id": 0,
            "name": "string"
        },
        "name": "fish",
        "photoUrls": [
            "string"
        ],
        "tags": [
            {
                "id": 0,
                "name": "string"
            }
        ],
        "status": "available"
    },
    {
        "id": 9223372036854255145,
        "category": {
            "id": 0,
            "name": "string"
        },
        "name": "fish",
        "photoUrls": [
            "string"
        ],
        "tags": [
            {
                "id": 0,
                "name": "string"
            }
        ],
        "status": "available"
    },
    {
        "id": 9223372036854255147,
        "category": {
            "id": 0,
            "name": "Jerry"
        },
        "name": "Mouse",
        "photoUrls": [
            "string"
        ],
        "tags": [
            {
                "id": 0,
                "name": "Mouse"
            }
        ],
        "status": "available"
    },
    {
        "id": 9223372036854255152,
        "category": {
            "id": 0,
            "name": "string"
        },
        "name": "fish",
        "photoUrls": [
            "string"
        ],
        "tags": [
            {
                "id": 0,
                "name": "string"
            }
        ],
        "status": "available"
    },
    {
        "id": 9223372036854255153,
        "category": {
            "id": 0,
            "name": "string"
        },
        "name": "Puff",
        "photoUrls": [
            "string"
        ],
        "tags": [
            {
                "id": 0,
                "name": "string"
            }
        ],
        "status": "available"
    },
    {
        "id": 9223372036854255156,
        "category": {
            "id": 0,
            "name": "string"
        },
        "name": "fish",
        "photoUrls": [
            "string"
        ],
        "tags": [
            {
                "id": 0,
                "name": "string"
            }
        ],
        "status": "available"
    },
    {
        "id": 9223372036854255181,
        "category": {
            "id": 0,
            "name": "string"
        },
        "name": "doggie",
        "photoUrls": [
            "string"
        ],
        "tags": [
            {
                "id": 0,
                "name": "string"
            }
        ],
        "status": "available"
    },
    {
        "id": 9223372036854255189,
        "category": {
            "id": 0,
            "name": "string"
        },
        "name": "fish",
        "photoUrls": [
            "string"
        ],
        "tags": [
            {
                "id": 0,
                "name": "string"
            }
        ],
        "status": "available"
    },
    {
        "id": 9223372036854255191,
        "category": {
            "id": 0,
            "name": "string"
        },
        "name": "fish",
        "photoUrls": [
            "string"
        ],
        "tags": [
            {
                "id": 0,
                "name": "string"
            }
        ],
        "status": "available"
    },
    {
        "id": 9223372036854255199,
        "category": {
            "id": 0,
            "name": "string"
        },
        "name": "fish",
        "photoUrls": [
            "string"
        ],
        "tags": [
            {
                "id": 0,
                "name": "string"
            }
        ],
        "status": "available"
    },
    {
        "id": 9223372036854255200,
        "category": {
            "id": 0,
            "name": "string"
        },
        "name": "fish",
        "photoUrls": [
            "string"
        ],
        "tags": [
            {
                "id": 0,
                "name": "string"
            }
        ],
        "status": "available"
    },
    {
        "id": 1320,
        "category": {
            "id": 0,
            "name": "cats"
        },
        "name": "mark",
        "photoUrls": [
            "string"
        ],
        "tags": [
            {
                "id": 0,
                "name": "string"
            }
        ],
        "status": "available"
    },
    {
        "id": 112,
        "category": {
            "id": 1,
            "name": "manki"
        },
        "name": "oscar",
        "photoUrls": [
            "string"
        ],
        "tags": [
            {
                "id": 1,
                "name": "string"
            }
        ],
        "status": "available"
    },
    {
        "id": 1234124,
        "category": {
            "id": 1,
            "name": "cats"
        },
        "name": "Takeshi",
        "photoUrls": [
            "string"
        ],
        "tags": [
            {
                "id": 13,
                "name": "troublemaker"
            }
        ],
        "status": "available"
    },
    {
        "id": 420,
        "category": {
            "id": 42,
            "name": "Chihuahua"
        },
        "name": "PasBre",
        "photoUrls": [
            "string"
        ],
        "tags": [
            {
                "id": 0,
                "name": "string"
            }
        ],
        "status": "available"
    },
    {
        "id": 2023,
        "category": {
            "id": 0,
            "name": "doggy"
        },
        "name": "pretty",
        "photoUrls": [
            "string"
        ],
        "tags": [
            {
                "id": 0,
                "name": "string"
            }
        ],
        "status": "available"
    },
    {
        "id": 1112,
        "category": {
            "id": 12,
            "name": "Sad"
        },
        "name": "doggie",
        "photoUrls": [
            "string"
        ],
        "tags": [
            {
                "id": 0,
                "name": "string"
            }
        ],
        "status": "available"
    },
    {
        "id": 2323,
        "category": {
            "id": 0,
            "name": "string"
        },
        "name": "dog",
        "photoUrls": [
            "string"
        ],
        "tags": [
            {
                "id": 0,
                "name": "tomy"
            }
        ],
        "status": "available"
    },
    {
        "id": 32144412,
        "category": {
            "id": 1,
            "name": "cats"
        },
        "name": "Takeshi",
        "photoUrls": [
            "string"
        ],
        "tags": [
            {
                "id": 13,
                "name": "troublemaker"
            }
        ],
        "status": "available"
    },
    {
        "id": 1487,
        "category": {
            "id": 0,
            "name": "dolboeb"
        },
        "name": "pivozavr",
        "photoUrls": [
            "string"
        ],
        "tags": [
            {
                "id": 0,
                "name": "string"
            }
        ],
        "status": "available"
    },
    {
        "id": 12344,
        "category": {
            "id": 1,
            "name": "cats"
        },
        "name": "Takeshi",
        "photoUrls": [
            "string"
        ],
        "tags": [
            {
                "id": 13,
                "name": "troublemaker"
            }
        ],
        "status": "available"
    },
    {
        "id": 2,
        "category": {
            "id": 0,
            "name": "dog"
        },
        "name": "Tom",
        "photoUrls": [
            "string"
        ],
        "tags": [
            {
                "id": 0,
                "name": "string"
            }
        ],
        "status": "available"
    },
    {
        "id": 9223372016900001111,
        "category": {
            "id": 0,
            "name": "string"
        },
        "name": "bird",
        "photoUrls": [
            "string"
        ],
        "tags": [
            {
                "id": 0,
                "name": "string"
            }
        ],
        "status": "available"
    },
    {
        "id": 9223372016900001112,
        "category": {
            "id": 0,
            "name": "string"
        },
        "name": "Passarinhoinho",
        "photoUrls": [
            "string"
        ],
        "tags": [
            {
                "id": 0,
                "name": "string"
            }
        ],
        "status": "available"
    },
    {
        "id": 1234321,
        "category": {
            "id": 0,
            "name": "Cat"
        },
        "name": "Pamuk",
        "photoUrls": [
            "string"
        ],
        "tags": [
            {
                "id": 0,
                "name": "My cute cat"
            }
        ],
        "status": "available"
    },
    {
        "id": 121212,
        "category": {
            "id": 0,
            "name": "birdie"
        },
        "name": "cikcik",
        "photoUrls": [
            "string"
        ],
        "tags": [
            {
                "id": 0,
                "name": "cute"
            }
        ],
        "status": "available"
    },
    {
        "id": 42181115,
        "category": {
            "id": 8557341,
            "name": "ut nisi"
        },
        "name": "doggie",
        "photoUrls": [
            "fugiat cillum",
            "cillum"
        ],
        "tags": [
            {
                "id": 67927893,
                "name": "et Excepteur ad"
            },
            {
                "id": -13431872,
                "name": "sint ut"
            }
        ],
        "status": "available"
    },
    {
        "id": 20083319,
        "category": {
            "id": 62517053,
            "name": "non anim quis"
        },
        "name": "doggie",
        "photoUrls": [
            "enim Ut",
            "ad "
        ],
        "tags": [
            {
                "id": -59403361,
                "name": "nulla ad"
            },
            {
                "id": -56161569,
                "name": "ullamco ex"
            }
        ],
        "status": "available"
    },
    {
        "id": 9223372016900001113,
        "category": {
            "id": 0,
            "name": "bob"
        },
        "name": "camaleão",
        "photoUrls": [
            "string"
        ],
        "tags": [
            {
                "id": 0,
                "name": "string"
            }
        ],
        "status": "available"
    },
    {
        "id": 12,
        "category": {
            "id": 1,
            "name": "string"
        },
        "name": "doggie",
        "photoUrls": [
            "string"
        ],
        "tags": [
            {
                "id": 1,
                "name": "string"
            }
        ],
        "status": "available"
    },
    {
        "id": 456,
        "name": "GoodBoy1234",
        "photoUrls": [
            "https://good_dog123.png"
        ],
        "tags": [
            {
                "id": 321,
                "name": "BigOnes"
            }
        ],
        "status": "available"
    },
    {
        "id": 21,
        "category": {
            "id": 0,
[...]
      <photoUrl>string</photoUrl>
    </photoUrls>
    <status>pending</status>
    <tags>
      <tag>
        <id>0</id>
        <name>string123</name>
      </tag>
    </tags>
  </Pet>
  <Pet>
    <category>
      <id>0</id>
      <name>Reksiov2</name>
    </category>
    <id>49</id>
    <name>Zbyszek</name>
    <photoUrls>
      <photoUrl>string</photoUrl>
    </photoUrls>
    <status>pending</status>
    <tags>
      <tag>
        <id>51</id>
        <name>Piesu</name>
      </tag>
    </tags>
  </Pet>
  <Pet>
    <category>
      <id>-72976378</id>
      <name>consequat commodo dolor</name>
    </category>
    <id>31662904</id>
    <name>doggie</name>
    <photoUrls>
      <photoUrl>dolor</photoUrl>
      <photoUrl>aliquip</photoUrl>
    </photoUrls>
    <status>pending</status>
    <tags>
      <tag>
        <id>-81536039</id>
        <name>officia non exercitation laborum</name>
      </tag>
      <tag>
        <id>-81700539</id>
        <name>sed quis</name>
      </tag>
    </tags>
  </Pet>
  <Pet>
    <category>
      <id>0</id>
      <name>monkey</name>
    </category>
    <id>9223372036854251843</id>
    <name>Fruit</name>
    <photoUrls>
      <photoUrl>string</photoUrl>
    </photoUrls>
    <status>pending</status>
    <tags>
      <tag>
        <id>0</id>
        <name>string</name>
      </tag>
    </tags>
  </Pet>
  <Pet>
    <id>9223372036854254228</id>
    <name>pineapple</name>
    <photoUrls>
      <photoUrl>string</photoUrl>
    </photoUrls>
    <status>pending</status>
    <tags/>
  </Pet>
  <Pet>
    <id>9223372036854255006</id>
    <name>pineapple</name>
    <photoUrls>
      <photoUrl>string</photoUrl>
    </photoUrls>
    <status>pending</status>
    <tags/>
  </Pet>
</pets>
]]></system-out>
  </testcase>
  <testcase name="testGetPetByStatus[sold, [Ljava.lang.String;@b9b97ad, withApiKey, positive](3)" classname="com.test.APITestPet" time="1.266">
    <system-out><![CDATA[testGetPetByStatus started: 
Data from app:json
Code 200
Test status response:[
    {
        "id": 9223372036854253991,
        "category": {
            "id": 0,
            "name": "monkey"
        },
        "name": "Bananka",
        "photoUrls": [
            "string"
        ],
        "tags": [
            {
                "id": 0,
                "name": "string"
            }
        ],
        "status": "sold"
    },
    {
        "id": 9223372036854254229,
        "name": "pineapple",
        "photoUrls": [
            "string"
        ],
        "tags": [
            
        ],
        "status": "sold"
    },
    {
        "id": 162,
        "category": {
            "id": 0,
            "name": "cat"
        },
        "name": "Clay Wolf",
        "photoUrls": [
            
        ],
        "tags": [
            {
                "id": 0,
                "name": "black"
            }
        ],
        "status": "sold"
    },
    {
        "id": 9223372036854255000,
        "category": {
            "id": 0,
            "name": "cat"
        },
        "name": "Tyrone Wintheiser",
        "photoUrls": [
            
        ],
        "tags": [
            {
                "id": 0,
                "name": "black"
            }
        ],
        "status": "sold"
    },
    {
        "id": 9223372036854255007,
        "name": "pineapple",
        "photoUrls": [
            "string"
        ],
        "tags": [
            
        ],
        "status": "sold"
    },
    {
        "id": 4343,
        "category": {
            "id": 0,
            "name": "monkey"
        },
        "name": "Bananka",
        "photoUrls": [
            "string"
        ],
        "tags": [
            {
                "id": 0,
                "name": "string"
            }
        ],
        "status": "sold"
    },
    {
        "id": 9223372036854255076,
        "category": {
            "id": 0,
            "name": "dog"
        },
        "name": "Patron2",
        "photoUrls": [
            "https://www.google.com/url?sa=i&url=https%3A%2F%2Fzoo-club.com.ua%2Fru%2Fdesjat-samih-malenkih-porod-sobak-v-mire%2Fabout-dogs&psig=AOvVaw23SHqGUh5tBFM9XlPualyW&ust=1678027437560000&source=images&cd=vfe&ved=0CA8QjRxqFwoTCIDdvbzBwv0CFQAAAAAdAAAAABAE"
        ],
        "tags": [
            {
                "id": 0,
                "name": "string"
            }
        ],
        "status": "sold"
    },
    {
        "id": 20593238,
        "category": {
            "id": 96650357,
            "name": "ut aute"
        },
        "name": "doggie",
        "photoUrls": [
            "in deserunt sit qui elit",
            "do dolore"
        ],
        "tags": [
            {
                "id": 80489283,
                "name": "dolore elit aute Excepteur anim"
            },
            {
                "id": -29854588,
                "name": "enim"
            }
        ],
        "status": "sold"
    },
    {
        "id": 345,
        "category": {
            "id": 45,
            "name": "string"
        },
        "name": "KOSMO",
        "photoUrls": [
            "string"
        ],
        "tags": [
            {
                "id": 0,
                "name": "string"
            }
        ],
        "status": "sold"
    }
]
Data from app:xml
Code 200
Test status response:<pets>
  <Pet>
    <category>
      <id>0</id>
      <name>monkey</name>
    </category>
    <id>9223372036854253991</id>
    <name>Bananka</name>
    <photoUrls>
      <photoUrl>string</photoUrl>
    </photoUrls>
    <status>sold</status>
    <tags>
      <tag>
        <id>0</id>
        <name>string</name>
      </tag>
    </tags>
  </Pet>
  <Pet>
    <id>9223372036854254229</id>
    <name>pineapple</name>
    <photoUrls>
      <photoUrl>string</photoUrl>
    </photoUrls>
    <status>sold</status>
    <tags/>
  </Pet>
  <Pet>
    <category>
      <id>0</id>
      <name>cat</name>
    </category>
    <id>162</id>
    <name>Clay Wolf</name>
    <photoUrls/>
    <status>sold</status>
    <tags>
      <tag>
        <id>0</id>
        <name>black</name>
      </tag>
    </tags>
  </Pet>
  <Pet>
    <category>
      <id>0</id>
      <name>cat</name>
    </category>
    <id>9223372036854255000</id>
    <name>Tyrone Wintheiser</name>
    <photoUrls/>
    <status>sold</status>
    <tags>
      <tag>
        <id>0</id>
        <name>black</name>
      </tag>
    </tags>
  </Pet>
  <Pet>
    <id>9223372036854255007</id>
    <name>pineapple</name>
    <photoUrls>
      <photoUrl>string</photoUrl>
    </photoUrls>
    <status>sold</status>
    <tags/>
  </Pet>
  <Pet>
    <category>
      <id>0</id>
      <name>monkey</name>
    </category>
    <id>4343</id>
    <name>Bananka</name>
    <photoUrls>
      <photoUrl>string</photoUrl>
    </photoUrls>
    <status>sold</status>
    <tags>
      <tag>
        <id>0</id>
        <name>string</name>
      </tag>
    </tags>
  </Pet>
  <Pet>
    <category>
      <id>0</id>
      <name>dog</name>
    </category>
    <id>9223372036854255076</id>
    <name>Patron2</name>
    <photoUrls>
      <photoUrl>https://www.google.com/url?sa=i&amp;url=https%3A%2F%2Fzoo-club.com.ua%2Fru%2Fdesjat-samih-malenkih-porod-sobak-v-mire%2Fabout-dogs&amp;psig=AOvVaw23SHqGUh5tBFM9XlPualyW&amp;ust=1678027437560000&amp;source=images&amp;cd=vfe&amp;ved=0CA8QjRxqFwoTCIDdvbzBwv0CFQAAAAAdAAAAABAE</photoUrl>
    </photoUrls>
    <status>sold</status>
    <tags>
      <tag>
        <id>0</id>
        <name>string</name>
      </tag>
    </tags>
  </Pet>
  <Pet>
    <category>
      <id>96650357</id>
      <name>ut aute</name>
    </category>
    <id>20593238</id>
    <name>doggie</name>
    <photoUrls>
      <photoUrl>in deserunt sit qui elit</photoUrl>
      <photoUrl>do dolore</photoUrl>
    </photoUrls>
    <status>sold</status>
    <tags>
      <tag>
        <id>80489283</id>
        <name>dolore elit aute Excepteur anim</name>
      </tag>
      <tag>
        <id>-29854588</id>
        <name>enim</name>
      </tag>
    </tags>
  </Pet>
  <Pet>
    <category>
      <id>45</id>
      <name>string</name>
    </category>
    <id>345</id>
    <name>KOSMO</name>
    <photoUrls>
      <photoUrl>string</photoUrl>
    </photoUrls>
    <status>sold</status>
    <tags>
      <tag>
        <id>0</id>
        <name>string</name>
      </tag>
    </tags>
  </Pet>
</pets>
]]></system-out>
  </testcase>
  <testcase name="testGetPetByStatus[not_available, [Ljava.lang.String;@b9b97ad, withApiKey, status_negative](4)" classname="com.test.APITestPet" time="1.217">
    <system-out><![CDATA[testGetPetByStatus started: 
Data from app:json
An error occurred: Status value:not_available is not valid
Data from app:xml
An error occurred: Status value:not_available is not valid
]]></system-out>
  </testcase>
  <testcase name="testGetPetByStatus[not_pending, [Ljava.lang.String;@b9b97ad, withApiKey, status_negative](5)" classname="com.test.APITestPet" time="1.232">
    <system-out><![CDATA[testGetPetByStatus started: 
Data from app:json
An error occurred: Status value:not_pending is not valid
Data from app:xml
An error occurred: Status value:not_pending is not valid
]]></system-out>
  </testcase>
  <testcase name="testGetPetByStatus[not_sold, [Ljava.lang.String;@b9b97ad, withApiKey, status_negative](6)" classname="com.test.APITestPet" time="1.249">
    <system-out><![CDATA[testGetPetByStatus started: 
Data from app:json
An error occurred: Status value:not_sold is not valid
Data from app:xml
An error occurred: Status value:not_sold is not valid
]]></system-out>
  </testcase>
  <testcase name="testUpdatePet[json, json, positive](1)" classname="com.test.APITestPet" time="0.653">
    <system-out><![CDATA[testUpdatePet started: 
Code 200
From: { "id" : 13, "category" : {"id":1523612, "name": "Dogs" },"name" : "GoodBoy1234", "photoUrls" : ["https://good_dog123.png"],"tags" : [{"id" : 321,"name": "BigOnes"}], "status":"available" } Json response: {
    "id": 13,
    "category": {
        "id": 1523612,
        "name": "Dogs"
    },
    "name": "GoodBoy1234",
    "photoUrls": [
        "https://good_dog123.png"
    ],
    "tags": [
        {
            "id": 321,
            "name": "BigOnes"
        }
    ],
    "status": "available"
}
]]></system-out>
  </testcase>
  <testcase name="testUpdatePet[json, xml, positive](2)" classname="com.test.APITestPet" time="0.66">
    <system-out><![CDATA[testUpdatePet started: 
Code 200
From: { "id" : 13, "category" : {"id":1523612, "name": "Dogs" },"name" : "GoodBoy1234", "photoUrls" : ["https://good_dog123.png"],"tags" : [{"id" : 321,"name": "BigOnes"}], "status":"available" } Json response: <Pet>
  <category>
    <id>1523612</id>
    <name>Dogs</name>
  </category>
  <id>13</id>
  <name>GoodBoy1234</name>
  <photoUrls>
    <photoUrl>https://good_dog123.png</photoUrl>
  </photoUrls>
  <status>available</status>
  <tags>
    <tag>
      <id>321</id>
      <name>BigOnes</name>
    </tag>
  </tags>
</Pet>
]]></system-out>
  </testcase>
  <testcase name="testUpdatePet[xml, xml, positive](3)" classname="com.test.APITestPet" time="0.648">
    <system-out><![CDATA[testUpdatePet started: 
Code 200
From <Pet>
     <id>13     <category> <id>1523612</id> <name>Dogs</name></category></id><name>GoodBoy1234</name><photoUrls>
     <photoUrl>https://good_dog123.png</photoUrl></photoUrls><status> available</status> <tags><tag><id>321</id><name>BigOnes</name></tag> </tags>
</Pet> Json response: <Pet>
  <id>13</id>
  <name>GoodBoy1234</name>
  <photoUrls>
    <photoUrl>https://good_dog123.png</photoUrl>
  </photoUrls>
  <status> available</status>
  <tags>
    <tag>
      <id>321</id>
      <name>BigOnes</name>
    </tag>
  </tags>
</Pet>
<Pet>
  <id>13</id>
  <name>GoodBoy1234</name>
  <photoUrls>
    <photoUrl>https://good_dog123.png</photoUrl>
  </photoUrls>
  <status> available</status>
  <tags>
    <tag>
      <id>321</id>
      <name>BigOnes</name>
    </tag>
  </tags>
</Pet>
]]></system-out>
  </testcase>
  <testcase name="testUpdatePet[xml, json, positive](4)" classname="com.test.APITestPet" time="0.652">
    <system-out><![CDATA[testUpdatePet started: 
Code 200
From <Pet>
     <id>13     <category> <id>1523612</id> <name>Dogs</name></category></id><name>GoodBoy1234</name><photoUrls>
     <photoUrl>https://good_dog123.png</photoUrl></photoUrls><status> available</status> <tags><tag><id>321</id><name>BigOnes</name></tag> </tags>
</Pet> Json response: {
    "id": 13,
    "name": "GoodBoy1234",
    "photoUrls": [
        "https://good_dog123.png"
    ],
    "tags": [
        {
            "id": 321,
            "name": "BigOnes"
        }
    ],
    "status": " available"
}
{
    "id": 13,
    "name": "GoodBoy1234",
    "photoUrls": [
        "https://good_dog123.png"
    ],
    "tags": [
        {
            "id": 321,
            "name": "BigOnes"
        }
    ],
    "status": " available"
}
]]></system-out>
  </testcase>
  <testcase name="testUpdatePet[json, json, negative](5)" classname="com.test.APITestPet" time="0.003">
    <system-out><![CDATA[testUpdatePet started: 
Code 404
An error occurred: Negative numbers are not valid
]]></system-out>
  </testcase>
  <testcase name="testUpdatePet[json, xml, negative](6)" classname="com.test.APITestPet" time="0.003">
    <system-out><![CDATA[testUpdatePet started: 
Code 404
An error occurred: Negative numbers are not valid
]]></system-out>
  </testcase>
  <testcase name="testUpdatePet[xml, xml, negative](7)" classname="com.test.APITestPet" time="0.009">
    <system-out><![CDATA[testUpdatePet started: 
Code 404
An error occurred: Negative numbers are not valid
]]></system-out>
  </testcase>
  <testcase name="testUpdatePet[xml, json, negative](8)" classname="com.test.APITestPet" time="0.002">
    <system-out><![CDATA[testUpdatePet started: 
Code 404
An error occurred: Negative numbers are not valid
]]></system-out>
  </testcase>
  <testcase name="testCreatePet[json, json, positive](1)" classname="com.test.APITestPet" time="0.652">
    <system-out><![CDATA[TestCreatePet started: 
Code 200
From com.rest.pets.PetsData@5a2f401a Json response: {
    "id": 123,
    "category": {
        "id": 5,
        "name": "Dogs"
    },
    "name": "GoodDoggyBoy",
    "photoUrls": [
        "http://FunnyDoggies.png"
    ],
    "tags": [
        {
            "id": 990,
            "name": "cutest_animals"
        }
    ],
    "status": "available"
}
Code status: 200
]]></system-out>
  </testcase>
  <testcase name="testCreatePet[json, xml, positive](2)" classname="com.test.APITestPet" time="0.644">
    <system-out><![CDATA[TestCreatePet started: 
Code 200
From com.rest.pets.PetsData@2ecdcfe3 Json response: <Pet>
  <category>
    <id>5</id>
    <name>Dogs</name>
  </category>
  <id>234</id>
  <name>GoodDoggyBoy</name>
  <photoUrls>
    <photoUrl>http://FunnyDoggies.png</photoUrl>
  </photoUrls>
  <status>available</status>
  <tags>
    <tag>
      <id>990</id>
      <name>cutest_animals</name>
    </tag>
  </tags>
</Pet>
Code status: 200
]]></system-out>
  </testcase>
  <testcase name="testCreatePet[xml, xml, positive](3)" classname="com.test.APITestPet" time="0.651">
    <system-out><![CDATA[TestCreatePet started: 
Code 200
From <Pet>
    <id>345     <category><id>1523612</id> <name>Dogs</name></category></id><name>GoodBoy1234</name><photoUrls>
     <photoUrl>https://good_dog123.png</photoUrl></photoUrls><status>available</status>
     <tags><tag><id>321</id><name>BigOnes</name></tag></tags>
</Pet>

Json response: <Pet>
  <id>345</id>
  <name>GoodBoy1234</name>
  <photoUrls>
    <photoUrl>https://good_dog123.png</photoUrl>
  </photoUrls>
  <status>available</status>
  <tags>
    <tag>
      <id>321</id>
      <name>BigOnes</name>
    </tag>
  </tags>
</Pet>
Response code status:200
]]></system-out>
  </testcase>
  <testcase name="testCreatePet[xml, json, positive](4)" classname="com.test.APITestPet" time="0.628">
    <system-out><![CDATA[TestCreatePet started: 
Code 200
From <Pet>
    <id>456     <category><id>1523612</id> <name>Dogs</name></category></id><name>GoodBoy1234</name><photoUrls>
     <photoUrl>https://good_dog123.png</photoUrl></photoUrls><status>available</status>
     <tags><tag><id>321</id><name>BigOnes</name></tag></tags>
</Pet>

Json response: {
    "id": 456,
    "name": "GoodBoy1234",
    "photoUrls": [
        "https://good_dog123.png"
    ],
    "tags": [
        {
            "id": 321,
            "name": "BigOnes"
        }
    ],
    "status": "available"
}
Response code status:200
]]></system-out>
  </testcase>
  <testcase name="testCreatePet[json, json, negative](5)" classname="com.test.APITestPet" time="0.676">
    <system-out><![CDATA[TestCreatePet started: 
Code 404
From com.rest.pets.PetsData@6b64429e Json response: {
    "code": 404,
    "type": "unknown",
    "message": "null for uri: http://petstore.swagger.io/v2/bad_argument"
}
Code status: 404
]]></system-out>
  </testcase>
  <testcase name="testCreatePet[json, xml, negative](6)" classname="com.test.APITestPet" time="0.596">
    <system-out><![CDATA[TestCreatePet started: 
Code 404
From com.rest.pets.PetsData@18b3db6e Json response: <apiResponse>
  <message>null for uri: http://petstore.swagger.io/v2/bad_argument</message>
  <type>unknown</type>
</apiResponse>
Code status: 404
]]></system-out>
  </testcase>
  <testcase name="testCreatePet[xml, xml, negative](7)" classname="com.test.APITestPet" time="0.609">
    <system-out><![CDATA[TestCreatePet started: 
Code 404
From <Pet>
    <id>789     <category><id>1523612</id> <name>Dogs</name></category></id><name>GoodBoy1234</name><photoUrls>
     <photoUrl>https://good_dog123.png</photoUrl></photoUrls><status>available</status>
     <tags><tag><id>321</id><name>BigOnes</name></tag></tags>
</Pet>

Json response: <apiResponse>
  <message>null for uri: http://petstore.swagger.io/v2/bad_argument</message>
  <type>unknown</type>
</apiResponse>
Response code status:404
]]></system-out>
  </testcase>
  <testcase name="testCreatePet[xml, json, negative](8)" classname="com.test.APITestPet" time="0.604">
    <system-out><![CDATA[TestCreatePet started: 
Code 404
From <Pet>
    <id>890     <category><id>1523612</id> <name>Dogs</name></category></id><name>GoodBoy1234</name><photoUrls>
     <photoUrl>https://good_dog123.png</photoUrl></photoUrls><status>available</status>
     <tags><tag><id>321</id><name>BigOnes</name></tag></tags>
</Pet>

Json response: {
    "code": 404,
    "type": "unknown",
    "message": "null for uri: http://petstore.swagger.io/v2/bad_argument"
}
Response code status:404
]]></system-out>
  </testcase>
  <testcase name="testDeletePetById[json, , positive](1)" classname="com.test.APITestPet" time="0.631">
    <system-out><![CDATA[testDeletePetById started: 
Code 200
Pet id : 123
{
    "code": 200,
    "type": "unknown",
    "message": "123"
}
]]></system-out>
  </testcase>
  <testcase name="testDeletePetById[xml, , positive](2)" classname="com.test.APITestPet" time="0.633">
    <system-out><![CDATA[testDeletePetById started: 
Code 200
Pet id : 234
<apiResponse>
  <message>234</message>
  <type>unknown</type>
</apiResponse>
]]></system-out>
  </testcase>
  <testcase name="testDeletePetById[json, , negative](3)" classname="com.test.APITestPet" time="0.619">
    <system-out><![CDATA[testDeletePetById started: 
Code 404
Pet id : -512
Response status is 404
]]></system-out>
  </testcase>
  <testcase name="testDeletePetById[xml, , negative](4)" classname="com.test.APITestPet" time="0.602">
    <system-out><![CDATA[testDeletePetById started: 
Code 404
Pet id : -512
Response status is 404
]]></system-out>
  </testcase>
  <testcase name="testDeletePetById[json, , negative_order](5)" classname="com.test.APITestPet" time="0.01">
    <system-out><![CDATA[testDeletePetById started: 
Code 400
Invalid ID supplied error
]]></system-out>
  </testcase>
  <testcase name="testDeletePetById[xml, , negative_order](6)" classname="com.test.APITestPet" time="0.005">
    <system-out><![CDATA[testDeletePetById started: 
Code 400
Invalid ID supplied error
]]></system-out>
  </testcase>
</testsuite>